build/app/intermediates/proguard-rules/release/aapt_rules.txt
# Referenced at processReleaseManifest/merged/AndroidManifest.xml:23
-keep class com.example.myapp.MainActivity { <init>(...); }
# Referenced at processReleaseManifest/merged/AndroidManifest.xml:19
-keep class io.flutter.app.FlutterApplication { <init>(...); }