build/app/outputs/mapping/release/seeds.txt
com.example.myapp.MainActivity
com.example.myapp.MainActivity: MainActivity()
com.example.myapp.R$drawable: int launch_background
com.example.myapp.R$drawable: int toast_bg
com.example.myapp.R$mipmap: int ic_app
com.example.myapp.R$mipmap: int ic_launcher
com.example.myapp.R$style: int LaunchTheme
...
io.flutter.app.FlutterActivity
io.flutter.app.FlutterActivity: java.lang.String TAG
io.flutter.app.FlutterActivity: io.flutter.app.FlutterActivityDelegate delegate
io.flutter.app.FlutterActivity: io.flutter.app.FlutterActivityEvents eventDelegate
io.flutter.app.FlutterActivity: io.flutter.view.FlutterView$Provider viewProvider
io.flutter.app.FlutterActivity: io.flutter.plugin.common.PluginRegistry pluginRegistry
io.flutter.app.FlutterActivity: FlutterActivity()
io.flutter.app.FlutterActivity: io.flutter.view.FlutterView getFlutterView()
io.flutter.app.FlutterActivity: io.flutter.view.FlutterView createFlutterView(android.content.Context)
io.flutter.app.FlutterActivity: io.flutter.view.FlutterNativeView createFlutterNativeView()
io.flutter.app.FlutterActivity: boolean retainFlutterNativeView()
io.flutter.app.FlutterActivity: boolean hasPlugin(java.lang.String)
io.flutter.app.FlutterActivity: java.lang.Object valuePublishedByPlugin(java.lang.String)
io.flutter.app.FlutterActivity: io.flutter.plugin.common.PluginRegistry$Registrar registrarFor(java.lang.String)
io.flutter.app.FlutterActivity: void onCreate(android.os.Bundle)
io.flutter.app.FlutterActivity: void onStart()
io.flutter.app.FlutterActivity: void onResume()
io.flutter.app.FlutterActivity: void onDestroy()
io.flutter.app.FlutterActivity: void onBackPressed()
io.flutter.app.FlutterActivity: void onStop()
io.flutter.app.FlutterActivity: void onPause()
io.flutter.app.FlutterActivity: void onPostResume()
io.flutter.app.FlutterActivityDelegate
io.flutter.app.FlutterActivityDelegate: java.lang.String SPLASH_SCREEN_META_DATA_KEY
io.flutter.app.FlutterActivityDelegate: java.lang.String TAG
io.flutter.app.FlutterActivityDelegate: android.view.WindowManager$LayoutParams matchParent
io.flutter.app.FlutterActivityDelegate: android.app.Activity activity
io.flutter.app.FlutterActivityDelegate: io.flutter.app.FlutterActivityDelegate$ViewFactory viewFactory
io.flutter.app.FlutterActivityDelegate: io.flutter.view.FlutterView flutterView
io.flutter.app.FlutterActivityDelegate: android.view.View launchView
io.flutter.app.FlutterActivityDelegate: FlutterActivityDelegate(android.app.Activity,io.flutter.app.FlutterActivityDelegate$ViewFactory)
io.flutter.app.FlutterActivityDelegate: io.flutter.view.FlutterView getFlutterView()
io.flutter.app.FlutterActivityDelegate: boolean hasPlugin(java.lang.String)
io.flutter.app.FlutterActivityDelegate: java.lang.Object valuePublishedByPlugin(java.lang.String)
io.flutter.app.FlutterActivityDelegate: io.flutter.plugin.common.PluginRegistry$Registrar registrarFor(java.lang.String)
io.flutter.app.FlutterActivityDelegate: boolean onRequestPermissionsResult(int,java.lang.String[],int[])
io.flutter.app.FlutterActivityDelegate: boolean onActivityResult(int,int,android.content.Intent)
io.flutter.app.FlutterActivityDelegate: void onCreate(android.os.Bundle)
io.flutter.app.FlutterActivityDelegate: void onNewIntent(android.content.Intent)
io.flutter.app.FlutterActivityDelegate$1
io.flutter.app.FlutterActivityDelegate$1: io.flutter.app.FlutterActivityDelegate this$0
io.flutter.app.FlutterActivityDelegate$1: FlutterActivityDelegate$1(io.flutter.app.FlutterActivityDelegate)
io.flutter.app.FlutterActivityDelegate$1: void onFirstFrame()
io.flutter.app.FlutterActivityDelegate$1$1
io.flutter.app.FlutterActivityDelegate$1$1: io.flutter.app.FlutterActivityDelegate$1 this$1
io.flutter.app.FlutterActivityDelegate$1$1: FlutterActivityDelegate$1$1(io.flutter.app.FlutterActivityDelegate$1)
io.flutter.app.FlutterActivityDelegate$1$1: void onAnimationEnd(android.animation.Animator)
io.flutter.app.FlutterActivityDelegate$ViewFactory
io.flutter.app.FlutterActivityDelegate$ViewFactory: io.flutter.view.FlutterView createFlutterView(android.content.Context)
io.flutter.app.FlutterActivityDelegate$ViewFactory: io.flutter.view.FlutterNativeView createFlutterNativeView()
io.flutter.app.FlutterActivityDelegate$ViewFactory: boolean retainFlutterNativeView()