build/app/outputs/mapping/release/mapping.txt
com.example.myapp.MainActivity -> com.example.myapp.MainActivity:
    void <init>() -> <init>
    void onCreate(android.os.Bundle) -> onCreate
...
io.flutter.embedding.engine.FlutterEngine -> io.flutter.embedding.engine.FlutterEngine:
    void <init>() -> <init>
io.flutter.embedding.engine.FlutterEngine$EngineLifecycleListener -> io.flutter.embedding.engine.FlutterEngine$EngineLifecycleListener:
    void onPreEngineRestart() -> onPreEngineRestart
io.flutter.embedding.engine.FlutterJNI -> io.flutter.embedding.engine.FlutterJNI:
    java.lang.String TAG -> TAG
    java.lang.Long nativePlatformViewId -> nativePlatformViewId
    io.flutter.embedding.engine.renderer.FlutterRenderer$RenderSurface renderSurface -> renderSurface
    io.flutter.embedding.engine.dart.PlatformMessageHandler platformMessageHandler -> platformMessageHandler
    java.util.Set engineLifecycleListeners -> engineLifecycleListeners
    java.util.Set firstFrameListeners -> firstFrameListeners
    void <init>() -> <init>
    boolean nativeGetIsSoftwareRenderingEnabled() -> nativeGetIsSoftwareRenderingEnabled
    java.lang.String nativeGetObservatoryUri() -> nativeGetObservatoryUri
    void setRenderSurface(io.flutter.embedding.engine.renderer.FlutterRenderer$RenderSurface) -> setRenderSurface
    void updateSemantics(java.nio.ByteBuffer,java.lang.String[]) -> updateSemantics
    void updateCustomAccessibilityActions(java.nio.ByteBuffer,java.lang.String[]) -> updateCustomAccessibilityActions
    void onFirstFrame() -> onFirstFrame
    void setPlatformMessageHandler(io.flutter.embedding.engine.dart.PlatformMessageHandler) -> setPlatformMessageHandler
    void handlePlatformMessage(java.lang.String,byte[],int) -> handlePlatformMessage
    void handlePlatformMessageResponse(int,byte[]) -> handlePlatformMessageResponse
    void addEngineLifecycleListener(io.flutter.embedding.engine.FlutterEngine$EngineLifecycleListener) -> addEngineLifecycleListener
io.flutter.embedding.engine.android.AndroidKeyProcessor -> io.flutter.embedding.engine.android.AndroidKeyProcessor:
    io.flutter.embedding.engine.systemchannels.KeyEventChannel keyEventChannel -> keyEventChannel
    int combiningCharacter -> combiningCharacter
    void <init>(io.flutter.embedding.engine.systemchannels.KeyEventChannel) -> <init>
    void onKeyUp(android.view.KeyEvent) -> onKeyUp
    void onKeyDown(android.view.KeyEvent) -> onKeyDown
    java.lang.Character applyCombiningCharacterToBaseCharacter(int) -> applyCombiningCharacterToBaseCharacter
io.flutter.embedding.engine.dart.DartExecutor -> io.flutter.embedding.engine.dart.DartExecutor:
    java.lang.String TAG -> TAG
    io.flutter.embedding.engine.FlutterJNI flutterJNI -> flutterJNI
    io.flutter.embedding.engine.dart.DartMessenger messenger -> messenger
    boolean isApplicationRunning -> isApplicationRunning
    void <init>(io.flutter.embedding.engine.FlutterJNI) -> <init>
    void onAttachedToJNI() -> onAttachedToJNI
    void onDetachedFromJNI() -> onDetachedFromJNI
    boolean isExecutingDart() -> isExecutingDart
    void executeDartEntrypoint(io.flutter.embedding.engine.dart.DartExecutor$DartEntrypoint) -> executeDartEntrypoint
    void executeDartCallback(io.flutter.embedding.engine.dart.DartExecutor$DartCallback) -> executeDartCallback
    void send(java.lang.String,java.nio.ByteBuffer) -> send
    void send(java.lang.String,java.nio.ByteBuffer,io.flutter.plugin.common.BinaryMessenger$BinaryReply) -> send
    void setMessageHandler(java.lang.String,io.flutter.plugin.common.BinaryMessenger$BinaryMessageHandler) -> setMessageHandler